Tue, 08 May 2018 10:42:48 文件:/Users/yyinc/Documents/guirong/RecordTool_v1.2/data/videos/246/temp   上传结果:失败!   原因:[Errno 21] Is a directory: '/Users/yyinc/Documents/guirong/RecordTool_v1.2/data/videos/246/temp'
Tue, 08 May 2018 10:42:54 文件:/Users/yyinc/Documents/guirong/RecordTool_v1.2/data/videos/246/xmnote3dyin_android_pic_01.mp4   上传结果:成功!
Tue, 08 May 2018 10:43:15 文件:/Users/yyinc/Documents/guirong/RecordTool_v1.2/data/videos/246/xmnote3dyin_android_pic_02.mp4   上传结果:成功!
Tue, 08 May 2018 10:43:21 文件:/Users/yyinc/Documents/guirong/RecordTool_v1.2/data/videos/246/xmnote3dyin_android_pic_03.mp4   上传结果:成功!
Tue, 08 May 2018 10:45:49 文件:/Users/yyinc/Documents/guirong/RecordTool_v1.2/data/videos/246/temp   上传结果:失败!   原因:[Errno 21] Is a directory: '/Users/yyinc/Documents/guirong/RecordTool_v1.2/data/videos/246/temp'
Tue, 08 May 2018 10:45:54 文件:/Users/yyinc/Documents/guirong/RecordTool_v1.2/data/videos/246/xmnote3dyin_android_start_01.mp4   上传结果:成功!
Tue, 08 May 2018 10:46:13 文件:/Users/yyinc/Documents/guirong/RecordTool_v1.2/data/videos/246/xmnote3dyin_android_start_01.mp4   上传结果:成功!
Tue, 08 May 2018 10:46:34 文件:/Users/yyinc/Documents/guirong/RecordTool_v1.2/data/videos/246/xmnote3dyin_android_start_02.mp4   上传结果:成功!
Tue, 08 May 2018 10:47:05 文件:/Users/yyinc/Documents/guirong/RecordTool_v1.2/data/videos/246/xmnote3dyin_android_start_02.mp4   上传结果:成功!
Tue, 08 May 2018 10:47:25 文件:/Users/yyinc/Documents/guirong/RecordTool_v1.2/data/videos/246/xmnote3dyin_android_start_03.mp4   上传结果:成功!
Tue, 08 May 2018 10:49:01 文件:/Users/yyinc/Documents/guirong/RecordTool_v1.2/data/videos/246/xmnote3dyin_android_preproc_01.mp4   上传结果:成功!
Tue, 08 May 2018 10:49:31 文件:/Users/yyinc/Documents/guirong/RecordTool_v1.2/data/videos/246/xmnote3dyin_android_preproc_02.mp4   上传结果:成功!
Tue, 08 May 2018 10:49:58 文件:/Users/yyinc/Documents/guirong/RecordTool_v1.2/data/videos/246/xmnote3dyin_android_preproc_03.mp4   上传结果:成功!
Tue, 08 May 2018 10:50:36 文件:/Users/yyinc/Documents/guirong/RecordTool_v1.2/data/videos/246/temp   上传结果:失败!   原因:[Errno 21] Is a directory: '/Users/yyinc/Documents/guirong/RecordTool_v1.2/data/videos/246/temp'
Tue, 08 May 2018 10:50:41 文件:/Users/yyinc/Documents/guirong/RecordTool_v1.2/data/videos/246/xmnote3dyin_android_music_01.mp4   上传结果:成功!
Tue, 08 May 2018 10:51:11 文件:/Users/yyinc/Documents/guirong/RecordTool_v1.2/data/videos/246/xmnote3dyin_android_music_02.mp4   上传结果:成功!
Tue, 08 May 2018 10:51:39 文件:/Users/yyinc/Documents/guirong/RecordTool_v1.2/data/videos/246/temp   上传结果:失败!   原因:[Errno 21] Is a directory: '/Users/yyinc/Documents/guirong/RecordTool_v1.2/data/videos/246/temp'
Tue, 08 May 2018 10:51:45 文件:/Users/yyinc/Documents/guirong/RecordTool_v1.2/data/videos/246/xmnote3dyin_android_music_03.mp4   上传结果:成功!
Tue, 08 May 2018 11:00:44 文件:/Users/yyinc/Documents/guirong/RecordTool_v1.2/data/videos/246/temp   上传结果:失败!   原因:[Errno 21] Is a directory: '/Users/yyinc/Documents/guirong/RecordTool_v1.2/data/videos/246/temp'
Tue, 08 May 2018 11:02:04 文件:/Users/yyinc/Documents/guirong/RecordTool_v1.2/data/videos/246/xmnote3dyin_android_import_01.mp4   上传结果:成功!
Tue, 08 May 2018 11:02:09 文件:/Users/yyinc/Documents/guirong/RecordTool_v1.2/data/videos/246/xmnote3dyin_android_upload1_01.mp4   上传结果:成功!
Tue, 08 May 2018 11:02:48 文件:/Users/yyinc/Documents/guirong/RecordTool_v1.2/data/videos/246/xmnote3dyin_android_import_02.mp4   上传结果:成功!
Tue, 08 May 2018 11:04:07 文件:/Users/yyinc/Documents/guirong/RecordTool_v1.2/data/videos/246/temp   上传结果:失败!   原因:[Errno 21] Is a directory: '/Users/yyinc/Documents/guirong/RecordTool_v1.2/data/videos/246/temp'
Tue, 08 May 2018 11:04:25 文件:/Users/yyinc/Documents/guirong/RecordTool_v1.2/data/videos/246/xmnote3dyin_android_upload1_02.mp4   上传结果:成功!
Tue, 08 May 2018 11:05:12 文件:/Users/yyinc/Documents/guirong/RecordTool_v1.2/data/videos/246/temp   上传结果:失败!   原因:[Errno 21] Is a directory: '/Users/yyinc/Documents/guirong/RecordTool_v1.2/data/videos/246/temp'
Tue, 08 May 2018 11:05:23 文件:/Users/yyinc/Documents/guirong/RecordTool_v1.2/data/videos/246/xmnote3dyin_android_import_03.mp4   上传结果:成功!
Tue, 08 May 2018 11:06:42 文件:/Users/yyinc/Documents/guirong/RecordTool_v1.2/data/videos/246/temp   上传结果:失败!   原因:[Errno 21] Is a directory: '/Users/yyinc/Documents/guirong/RecordTool_v1.2/data/videos/246/temp'
Tue, 08 May 2018 11:06:47 文件:/Users/yyinc/Documents/guirong/RecordTool_v1.2/data/videos/246/temp   上传结果:失败!   原因:[Errno 21] Is a directory: '/Users/yyinc/Documents/guirong/RecordTool_v1.2/data/videos/246/temp'
Tue, 08 May 2018 11:07:19 文件:/Users/yyinc/Documents/guirong/RecordTool_v1.2/data/videos/246/xmnote3dyin_android_upload1_03.mp4   上传结果:失败!   原因:[Errno 32] Broken pipe
Tue, 08 May 2018 11:07:27 文件:/Users/yyinc/Documents/guirong/RecordTool_v1.2/data/videos/246/xmnote3dyin_android_upload1_03.mp4   上传结果:成功!
Tue, 08 May 2018 11:08:44 文件:/Users/yyinc/Documents/guirong/RecordTool_v1.2/data/videos/246/xmnote3dyin_android_videoload_01.mp4   上传结果:成功!
Tue, 08 May 2018 11:09:01 文件:/Users/yyinc/Documents/guirong/RecordTool_v1.2/data/videos/246/temp   上传结果:失败!   原因:[Errno 21] Is a directory: '/Users/yyinc/Documents/guirong/RecordTool_v1.2/data/videos/246/temp'
Tue, 08 May 2018 11:09:09 文件:/Users/yyinc/Documents/guirong/RecordTool_v1.2/data/videos/246/xmnote3dyin_android_videoload_02.mp4   上传结果:成功!
Tue, 08 May 2018 11:09:14 文件:/Users/yyinc/Documents/guirong/RecordTool_v1.2/data/videos/246/xmnote3dyin_android_videoload_03.mp4   上传结果:成功!
Tue, 08 May 2018 11:12:10 文件:/Users/yyinc/Documents/guirong/RecordTool_v1.2/data/videos/246/xmnote3like_android_pic_01.mp4   上传结果:成功!
Tue, 08 May 2018 11:12:26 文件:/Users/yyinc/Documents/guirong/RecordTool_v1.2/data/videos/246/xmnote3like_android_pic_02.mp4   上传结果:成功!
Tue, 08 May 2018 11:12:32 文件:/Users/yyinc/Documents/guirong/RecordTool_v1.2/data/videos/246/xmnote3like_android_pic_03.mp4   上传结果:成功!
Tue, 08 May 2018 11:12:58 文件:/Users/yyinc/Documents/guirong/RecordTool_v1.2/data/videos/246/xmnote3like_android_start_01.mp4   上传结果:成功!
Tue, 08 May 2018 11:13:15 文件:/Users/yyinc/Documents/guirong/RecordTool_v1.2/data/videos/246/xmnote3like_android_start_02.mp4   上传结果:成功!
Tue, 08 May 2018 11:13:35 文件:/Users/yyinc/Documents/guirong/RecordTool_v1.2/data/videos/246/xmnote3like_android_start_03.mp4   上传结果:成功!
Tue, 08 May 2018 11:14:22 文件:/Users/yyinc/Documents/guirong/RecordTool_v1.2/data/videos/246/xmnote3like_android_preproc_01.mp4   上传结果:成功!
Tue, 08 May 2018 11:14:55 文件:/Users/yyinc/Documents/guirong/RecordTool_v1.2/data/videos/246/xmnote3like_android_preproc_02.mp4   上传结果:成功!
Tue, 08 May 2018 11:15:27 文件:/Users/yyinc/Documents/guirong/RecordTool_v1.2/data/videos/246/xmnote3like_android_preproc_03.mp4   上传结果:成功!
Tue, 08 May 2018 11:16:11 文件:/Users/yyinc/Documents/guirong/RecordTool_v1.2/data/videos/246/xmnote3like_android_music_01.mp4   上传结果:成功!
Tue, 08 May 2018 11:16:40 文件:/Users/yyinc/Documents/guirong/RecordTool_v1.2/data/videos/246/xmnote3like_android_music_02.mp4   上传结果:成功!
Tue, 08 May 2018 11:17:11 文件:/Users/yyinc/Documents/guirong/RecordTool_v1.2/data/videos/246/xmnote3like_android_music_03.mp4   上传结果:成功!
Tue, 08 May 2018 11:18:05 文件:/Users/yyinc/Documents/guirong/RecordTool_v1.2/data/videos/246/xmnote3like_android_import_01.mp4   上传结果:成功!
Tue, 08 May 2018 11:18:42 文件:/Users/yyinc/Documents/guirong/RecordTool_v1.2/data/videos/246/temp   上传结果:失败!   原因:[Errno 21] Is a directory: '/Users/yyinc/Documents/guirong/RecordTool_v1.2/data/videos/246/temp'
Tue, 08 May 2018 11:18:48 文件:/Users/yyinc/Documents/guirong/RecordTool_v1.2/data/videos/246/xmnote3like_android_upload1_01.mp4   上传结果:成功!
Tue, 08 May 2018 11:19:36 文件:/Users/yyinc/Documents/guirong/RecordTool_v1.2/data/videos/246/xmnote3like_android_import_02.mp4   上传结果:成功!
Tue, 08 May 2018 11:20:09 文件:/Users/yyinc/Documents/guirong/RecordTool_v1.2/data/videos/246/xmnote3like_android_upload1_02.mp4   上传结果:成功!
Tue, 08 May 2018 11:20:44 文件:/Users/yyinc/Documents/guirong/RecordTool_v1.2/data/videos/246/xmnote3like_android_import_03.mp4   上传结果:成功!
Tue, 08 May 2018 11:21:12 文件:/Users/yyinc/Documents/guirong/RecordTool_v1.2/data/videos/246/temp   上传结果:失败!   原因:[Errno 21] Is a directory: '/Users/yyinc/Documents/guirong/RecordTool_v1.2/data/videos/246/temp'
Tue, 08 May 2018 11:21:18 文件:/Users/yyinc/Documents/guirong/RecordTool_v1.2/data/videos/246/xmnote3like_android_upload1_03.mp4   上传结果:成功!
Tue, 08 May 2018 11:22:09 文件:/Users/yyinc/Documents/guirong/RecordTool_v1.2/data/videos/246/xmnote3like_android_videoload_01.mp4   上传结果:成功!
Tue, 08 May 2018 11:22:19 文件:/Users/yyinc/Documents/guirong/RecordTool_v1.2/data/videos/246/temp   上传结果:失败!   原因:[Errno 21] Is a directory: '/Users/yyinc/Documents/guirong/RecordTool_v1.2/data/videos/246/temp'
Tue, 08 May 2018 11:22:28 文件:/Users/yyinc/Documents/guirong/RecordTool_v1.2/data/videos/246/xmnote3like_android_videoload_02.mp4   上传结果:成功!
Tue, 08 May 2018 11:22:33 文件:/Users/yyinc/Documents/guirong/RecordTool_v1.2/data/videos/246/xmnote3like_android_videoload_03.mp4   上传结果:成功!
Tue, 08 May 2018 11:23:53 文件:/Users/yyinc/Documents/guirong/RecordTool_v1.2/data/videos/246/xmnote3ks_android_pic_01.mp4   上传结果:成功!
Tue, 08 May 2018 11:24:51 文件:/Users/yyinc/Documents/guirong/RecordTool_v1.2/data/videos/246/temp   上传结果:失败!   原因:[Errno 21] Is a directory: '/Users/yyinc/Documents/guirong/RecordTool_v1.2/data/videos/246/temp'
Tue, 08 May 2018 11:24:58 文件:/Users/yyinc/Documents/guirong/RecordTool_v1.2/data/videos/246/xmnote3ks_android_pic_02.mp4   上传结果:成功!
Tue, 08 May 2018 11:25:23 文件:/Users/yyinc/Documents/guirong/RecordTool_v1.2/data/videos/246/temp   上传结果:失败!   原因:[Errno 2] No such file or directory: '/Users/yyinc/Documents/guirong/RecordTool_v1.2/data/videos/246/temp'
Tue, 08 May 2018 11:25:25 文件:/Users/yyinc/Documents/guirong/RecordTool_v1.2/data/videos/246/xmnote3ks_android_pic_03.mp4   上传结果:成功!
Tue, 08 May 2018 11:25:45 文件:/Users/yyinc/Documents/guirong/RecordTool_v1.2/data/videos/246/temp   上传结果:失败!   原因:[Errno 21] Is a directory: '/Users/yyinc/Documents/guirong/RecordTool_v1.2/data/videos/246/temp'
Tue, 08 May 2018 11:25:49 文件:/Users/yyinc/Documents/guirong/RecordTool_v1.2/data/videos/246/xmnote3ks_android_start_01.mp4   上传结果:成功!
Tue, 08 May 2018 11:25:59 文件:/Users/yyinc/Documents/guirong/RecordTool_v1.2/data/videos/246/xmnote3ks_android_start_02.mp4   上传结果:成功!
Tue, 08 May 2018 11:26:30 文件:/Users/yyinc/Documents/guirong/RecordTool_v1.2/data/videos/246/temp   上传结果:失败!   原因:[Errno 21] Is a directory: '/Users/yyinc/Documents/guirong/RecordTool_v1.2/data/videos/246/temp'
Tue, 08 May 2018 11:26:35 文件:/Users/yyinc/Documents/guirong/RecordTool_v1.2/data/videos/246/xmnote3ks_android_start_03.mp4   上传结果:成功!
Tue, 08 May 2018 11:27:13 文件:/Users/yyinc/Documents/guirong/RecordTool_v1.2/data/videos/246/xmnote3ks_android_preproc_01.mp4   上传结果:成功!
Tue, 08 May 2018 11:27:39 文件:/Users/yyinc/Documents/guirong/RecordTool_v1.2/data/videos/246/xmnote3ks_android_preproc_02.mp4   上传结果:成功!
Tue, 08 May 2018 11:27:58 文件:/Users/yyinc/Documents/guirong/RecordTool_v1.2/data/videos/246/temp   上传结果:失败!   原因:[Errno 2] No such file or directory: '/Users/yyinc/Documents/guirong/RecordTool_v1.2/data/videos/246/temp'
Tue, 08 May 2018 11:28:02 文件:/Users/yyinc/Documents/guirong/RecordTool_v1.2/data/videos/246/xmnote3ks_android_preproc_03.mp4   上传结果:成功!
Tue, 08 May 2018 11:28:40 文件:/Users/yyinc/Documents/guirong/RecordTool_v1.2/data/videos/246/xmnote3ks_android_music_01.mp4   上传结果:成功!
Tue, 08 May 2018 11:29:09 文件:/Users/yyinc/Documents/guirong/RecordTool_v1.2/data/videos/246/xmnote3ks_android_music_01.mp4   上传结果:成功!
Tue, 08 May 2018 11:29:34 文件:/Users/yyinc/Documents/guirong/RecordTool_v1.2/data/videos/246/xmnote3ks_android_music_02.mp4   上传结果:成功!
Tue, 08 May 2018 11:29:57 文件:/Users/yyinc/Documents/guirong/RecordTool_v1.2/data/videos/246/xmnote3ks_android_music_03.mp4   上传结果:成功!
Tue, 08 May 2018 11:30:53 文件:/Users/yyinc/Documents/guirong/RecordTool_v1.2/data/videos/246/xmnote3ks_android_import_01.mp4   上传结果:成功!
Tue, 08 May 2018 11:31:18 文件:/Users/yyinc/Documents/guirong/RecordTool_v1.2/data/videos/246/xmnote3ks_android_upload1_01.mp4   上传结果:成功!
Tue, 08 May 2018 11:32:14 文件:/Users/yyinc/Documents/guirong/RecordTool_v1.2/data/videos/246/xmnote3ks_android_import_02.mp4   上传结果:成功!
Tue, 08 May 2018 11:32:24 文件:/Users/yyinc/Documents/guirong/RecordTool_v1.2/data/videos/246/temp   上传结果:失败!   原因:[Errno 21] Is a directory: '/Users/yyinc/Documents/guirong/RecordTool_v1.2/data/videos/246/temp'
Tue, 08 May 2018 11:32:29 文件:/Users/yyinc/Documents/guirong/RecordTool_v1.2/data/videos/246/xmnote3ks_android_upload1_02.mp4   上传结果:成功!
Tue, 08 May 2018 11:33:50 文件:/Users/yyinc/Documents/guirong/RecordTool_v1.2/data/videos/246/xmnote3ks_android_import_03.mp4   上传结果:成功!
Tue, 08 May 2018 11:34:13 文件:/Users/yyinc/Documents/guirong/RecordTool_v1.2/data/videos/246/xmnote3ks_android_upload1_03.mp4   上传结果:成功!
Tue, 08 May 2018 11:35:15 文件:/Users/yyinc/Documents/guirong/RecordTool_v1.2/data/videos/246/xmnote3ks_android_videoload_01.mp4   上传结果:成功!
Tue, 08 May 2018 11:35:35 文件:/Users/yyinc/Documents/guirong/RecordTool_v1.2/data/videos/246/xmnote3ks_android_videoload_02.mp4   上传结果:成功!
Tue, 08 May 2018 11:35:48 文件:/Users/yyinc/Documents/guirong/RecordTool_v1.2/data/videos/246/xmnote3ks_android_videoload_03.mp4   上传结果:成功!
Wed, 09 May 2018 10:59:03 文件:/Users/yyinc/Documents/guirong/RecordTool_v1.2/data/videos/246/opr11dyin_android_upload1_04.mp4   上传结果:成功!
Wed, 09 May 2018 10:59:55 文件:/Users/yyinc/Documents/guirong/RecordTool_v1.2/data/videos/246/opr11dyin_android_upload1_05.mp4   上传结果:成功!
Wed, 09 May 2018 11:02:06 文件:/Users/yyinc/Documents/guirong/RecordTool_v1.2/data/videos/246/opr11ks_android_preproc_04.mp4   上传结果:成功!
Wed, 09 May 2018 11:02:28 文件:/Users/yyinc/Documents/guirong/RecordTool_v1.2/data/videos/246/opr11ks_android_preproc_05.mp4   上传结果:成功!
Wed, 09 May 2018 11:03:30 文件:/Users/yyinc/Documents/guirong/RecordTool_v1.2/data/videos/246/opr11ks_android_upload1_04.mp4   上传结果:成功!
Wed, 09 May 2018 11:04:40 文件:/Users/yyinc/Documents/guirong/RecordTool_v1.2/data/videos/246/opr11ks_android_upload1_05.mp4   上传结果:成功!
Wed, 09 May 2018 11:20:55 文件:/Users/yyinc/Documents/guirong/RecordTool_v1.2/data/videos/246/opr11ks_android_videoload_04.mp4   上传结果:成功!
Wed, 09 May 2018 11:21:09 文件:/Users/yyinc/Documents/guirong/RecordTool_v1.2/data/videos/246/opr11ks_android_videoload_05.mp4   上传结果:成功!
Wed, 09 May 2018 14:34:47 文件:/Users/yyinc/Documents/guirong/RecordTool_v1.2/data/videos/246/sms8ks_android_upload1_04.mp4   上传结果:成功!
Wed, 09 May 2018 14:35:51 文件:/Users/yyinc/Documents/guirong/RecordTool_v1.2/data/videos/246/sms8ks_android_upload1_05.mp4   上传结果:成功!
Wed, 09 May 2018 14:37:44 文件:/Users/yyinc/Documents/guirong/RecordTool_v1.2/data/videos/246/sms8ks_android_preproc_04.mp4   上传结果:成功!
Wed, 09 May 2018 14:38:09 文件:/Users/yyinc/Documents/guirong/RecordTool_v1.2/data/videos/246/sms8ks_android_preproc_05.mp4   上传结果:成功!
Wed, 09 May 2018 14:38:47 文件:/Users/yyinc/Documents/guirong/RecordTool_v1.2/data/videos/246/sms8ks_android_videoload_04.mp4   上传结果:成功!
Wed, 09 May 2018 14:40:21 文件:/Users/yyinc/Documents/guirong/RecordTool_v1.2/data/videos/246/temp   上传结果:失败!   原因:[Errno 21] Is a directory: '/Users/yyinc/Documents/guirong/RecordTool_v1.2/data/videos/246/temp'
Wed, 09 May 2018 14:40:25 文件:/Users/yyinc/Documents/guirong/RecordTool_v1.2/data/videos/246/sms8ks_android_videoload_05.mp4   上传结果:成功!
Wed, 09 May 2018 14:59:22 文件:/Users/yyinc/Documents/guirong/RecordTool_v1.2/data/videos/246/xmnote3ks_android_preproc_04.mp4   上传结果:成功!
Wed, 09 May 2018 14:59:35 文件:/Users/yyinc/Documents/guirong/RecordTool_v1.2/data/videos/246/xmnote3ks_android_preproc_05.mp4   上传结果:成功!
Wed, 09 May 2018 15:00:01 文件:/Users/yyinc/Documents/guirong/RecordTool_v1.2/data/videos/246/xmnote3ks_android_preproc_05.mp4   上传结果:成功!
Wed, 09 May 2018 20:51:29 文件:/Users/yyinc/Documents/guirong/RecordTool_v1.2/data/videos/246/sms8ks_android_import_04.mp4   上传结果:成功!
Wed, 09 May 2018 20:51:45 文件:/Users/yyinc/Documents/guirong/RecordTool_v1.2/data/videos/246/sms8ks_android_upload1_06.mp4   上传结果:成功!
Wed, 09 May 2018 20:52:37 文件:/Users/yyinc/Documents/guirong/RecordTool_v1.2/data/videos/246/sms8ks_android_import_05.mp4   上传结果:成功!
Wed, 09 May 2018 20:53:19 文件:/Users/yyinc/Documents/guirong/RecordTool_v1.2/data/videos/246/sms8ks_android_upload1_07.mp4   上传结果:失败!   原因:[Errno 60] Operation timed out
Wed, 09 May 2018 20:53:26 文件:/Users/yyinc/Documents/guirong/RecordTool_v1.2/data/videos/246/sms8ks_android_upload1_07.mp4   上传结果:失败!   原因:[Errno 51] Network is unreachable
Wed, 09 May 2018 20:53:33 文件:/Users/yyinc/Documents/guirong/RecordTool_v1.2/data/videos/246/sms8ks_android_upload1_07.mp4   上传结果:失败!   原因:[Errno 51] Network is unreachable
Wed, 09 May 2018 20:53:40 文件:/Users/yyinc/Documents/guirong/RecordTool_v1.2/data/videos/246/sms8ks_android_upload1_07.mp4   上传结果:失败!   原因:[Errno 51] Network is unreachable
Wed, 09 May 2018 20:53:45 文件:/Users/yyinc/Documents/guirong/RecordTool_v1.2/data/videos/246/sms8ks_android_upload1_07.mp4   上传结果:成功!
Mon, 14 May 2018 15:13:26 文件:/Users/yyinc/Documents/guirong/RecordTool_v1.2/data/videos/246/opr11soda_android_pic_01.mp4   上传结果:成功!
Mon, 14 May 2018 15:13:39 文件:/Users/yyinc/Documents/guirong/RecordTool_v1.2/data/videos/246/opr11soda_android_pic_02.mp4   上传结果:成功!
Mon, 14 May 2018 15:13:46 文件:/Users/yyinc/Documents/guirong/RecordTool_v1.2/data/videos/246/opr11soda_android_pic_03.mp4   上传结果:成功!
Mon, 14 May 2018 15:15:06 文件:/Users/yyinc/Documents/guirong/RecordTool_v1.2/data/videos/246/opr11soda_android_start_01.mp4   上传结果:成功!
Mon, 14 May 2018 15:15:21 文件:/Users/yyinc/Documents/guirong/RecordTool_v1.2/data/videos/246/opr11soda_android_start_02.mp4   上传结果:成功!
Mon, 14 May 2018 15:15:38 文件:/Users/yyinc/Documents/guirong/RecordTool_v1.2/data/videos/246/opr11soda_android_start_03.mp4   上传结果:成功!
Mon, 14 May 2018 15:17:31 文件:/Users/yyinc/Documents/guirong/RecordTool_v1.2/data/videos/246/opr11soda_android_preproc_01.mp4   上传结果:成功!
Mon, 14 May 2018 15:18:10 文件:/Users/yyinc/Documents/guirong/RecordTool_v1.2/data/videos/246/opr11soda_android_preproc_02.mp4   上传结果:成功!
Mon, 14 May 2018 15:18:42 文件:/Users/yyinc/Documents/guirong/RecordTool_v1.2/data/videos/246/opr11soda_android_preproc_03.mp4   上传结果:成功!
Mon, 14 May 2018 15:19:26 文件:/Users/yyinc/Documents/guirong/RecordTool_v1.2/data/videos/246/opr11soda_android_music_01.mp4   上传结果:成功!
Mon, 14 May 2018 15:20:01 文件:/Users/yyinc/Documents/guirong/RecordTool_v1.2/data/videos/246/opr11soda_android_music_02.mp4   上传结果:成功!
Mon, 14 May 2018 15:20:32 文件:/Users/yyinc/Documents/guirong/RecordTool_v1.2/data/videos/246/temp   上传结果:失败!   原因:[Errno 21] Is a directory: '/Users/yyinc/Documents/guirong/RecordTool_v1.2/data/videos/246/temp'
Mon, 14 May 2018 15:20:37 文件:/Users/yyinc/Documents/guirong/RecordTool_v1.2/data/videos/246/opr11soda_android_music_03.mp4   上传结果:成功!
Mon, 14 May 2018 15:21:31 文件:/Users/yyinc/Documents/guirong/RecordTool_v1.2/data/videos/246/opr11soda_android_import_01.mp4   上传结果:成功!
Mon, 14 May 2018 15:22:05 文件:/Users/yyinc/Documents/guirong/RecordTool_v1.2/data/videos/246/temp   上传结果:失败!   原因:[Errno 21] Is a directory: '/Users/yyinc/Documents/guirong/RecordTool_v1.2/data/videos/246/temp'
Mon, 14 May 2018 15:22:11 文件:/Users/yyinc/Documents/guirong/RecordTool_v1.2/data/videos/246/opr11soda_android_upload1_01.mp4   上传结果:成功!
Mon, 14 May 2018 15:22:33 文件:/Users/yyinc/Documents/guirong/RecordTool_v1.2/data/videos/246/temp   上传结果:失败!   原因:[Errno 21] Is a directory: '/Users/yyinc/Documents/guirong/RecordTool_v1.2/data/videos/246/temp'
Mon, 14 May 2018 15:22:39 文件:/Users/yyinc/Documents/guirong/RecordTool_v1.2/data/videos/246/opr11soda_android_import_02.mp4   上传结果:成功!
Mon, 14 May 2018 15:23:06 文件:/Users/yyinc/Documents/guirong/RecordTool_v1.2/data/videos/246/opr11soda_android_upload1_02.mp4   上传结果:成功!
Mon, 14 May 2018 15:23:30 文件:/Users/yyinc/Documents/guirong/RecordTool_v1.2/data/videos/246/opr11soda_android_import_03.mp4   上传结果:成功!
Mon, 14 May 2018 15:23:59 文件:/Users/yyinc/Documents/guirong/RecordTool_v1.2/data/videos/246/opr11soda_android_upload1_03.mp4   上传结果:成功!
Mon, 14 May 2018 15:27:43 文件:/Users/yyinc/Documents/guirong/RecordTool_v1.2/data/videos/246/opr11soda_android_videoload_01.mp4   上传结果:成功!
Mon, 14 May 2018 15:27:54 文件:/Users/yyinc/Documents/guirong/RecordTool_v1.2/data/videos/246/opr11soda_android_videoload_02.mp4   上传结果:成功!
Mon, 14 May 2018 15:28:17 文件:/Users/yyinc/Documents/guirong/RecordTool_v1.2/data/videos/246/opr11soda_android_videoload_03.mp4   上传结果:成功!
Mon, 14 May 2018 15:35:01 文件:/Users/yyinc/Documents/guirong/RecordTool_v1.2/data/videos/246/temp   上传结果:失败!   原因:[Errno 21] Is a directory: '/Users/yyinc/Documents/guirong/RecordTool_v1.2/data/videos/246/temp'
Mon, 14 May 2018 15:35:07 文件:/Users/yyinc/Documents/guirong/RecordTool_v1.2/data/videos/246/opr11like_android_pic_01.mp4   上传结果:成功!
Mon, 14 May 2018 15:35:29 文件:/Users/yyinc/Documents/guirong/RecordTool_v1.2/data/videos/246/opr11like_android_pic_02.mp4   上传结果:成功!
Mon, 14 May 2018 15:35:47 文件:/Users/yyinc/Documents/guirong/RecordTool_v1.2/data/videos/246/opr11like_android_pic_03.mp4   上传结果:成功!
Mon, 14 May 2018 15:36:28 文件:/Users/yyinc/Documents/guirong/RecordTool_v1.2/data/videos/246/opr11like_android_start_01.mp4   上传结果:成功!
Mon, 14 May 2018 15:36:49 文件:/Users/yyinc/Documents/guirong/RecordTool_v1.2/data/videos/246/opr11like_android_start_02.mp4   上传结果:成功!
Mon, 14 May 2018 15:37:08 文件:/Users/yyinc/Documents/guirong/RecordTool_v1.2/data/videos/246/temp   上传结果:失败!   原因:[Errno 21] Is a directory: '/Users/yyinc/Documents/guirong/RecordTool_v1.2/data/videos/246/temp'
Mon, 14 May 2018 15:37:15 文件:/Users/yyinc/Documents/guirong/RecordTool_v1.2/data/videos/246/opr11like_android_start_03.mp4   上传结果:成功!
Mon, 14 May 2018 15:38:15 文件:/Users/yyinc/Documents/guirong/RecordTool_v1.2/data/videos/246/opr11like_android_preproc_01.mp4   上传结果:成功!
Mon, 14 May 2018 15:38:51 文件:/Users/yyinc/Documents/guirong/RecordTool_v1.2/data/videos/246/opr11like_android_preproc_02.mp4   上传结果:成功!
Mon, 14 May 2018 15:39:23 文件:/Users/yyinc/Documents/guirong/RecordTool_v1.2/data/videos/246/opr11like_android_preproc_03.mp4   上传结果:成功!
Mon, 14 May 2018 15:40:15 文件:/Users/yyinc/Documents/guirong/RecordTool_v1.2/data/videos/246/temp   上传结果:失败!   原因:[Errno 21] Is a directory: '/Users/yyinc/Documents/guirong/RecordTool_v1.2/data/videos/246/temp'
Mon, 14 May 2018 15:40:20 文件:/Users/yyinc/Documents/guirong/RecordTool_v1.2/data/videos/246/opr11like_android_music_01.mp4   上传结果:成功!
Mon, 14 May 2018 15:40:53 文件:/Users/yyinc/Documents/guirong/RecordTool_v1.2/data/videos/246/opr11like_android_music_02.mp4   上传结果:成功!
Mon, 14 May 2018 15:41:29 文件:/Users/yyinc/Documents/guirong/RecordTool_v1.2/data/videos/246/opr11like_android_music_03.mp4   上传结果:成功!
Mon, 14 May 2018 15:42:24 文件:/Users/yyinc/Documents/guirong/RecordTool_v1.2/data/videos/246/opr11like_android_import_01.mp4   上传结果:成功!
Mon, 14 May 2018 15:42:58 文件:/Users/yyinc/Documents/guirong/RecordTool_v1.2/data/videos/246/temp   上传结果:失败!   原因:[Errno 21] Is a directory: '/Users/yyinc/Documents/guirong/RecordTool_v1.2/data/videos/246/temp'
Mon, 14 May 2018 15:43:07 文件:/Users/yyinc/Documents/guirong/RecordTool_v1.2/data/videos/246/opr11like_android_upload1_01.mp4   上传结果:成功!
Mon, 14 May 2018 15:43:48 文件:/Users/yyinc/Documents/guirong/RecordTool_v1.2/data/videos/246/opr11like_android_import_02.mp4   上传结果:成功!
Mon, 14 May 2018 15:44:23 文件:/Users/yyinc/Documents/guirong/RecordTool_v1.2/data/videos/246/opr11like_android_upload1_02.mp4   上传结果:成功!
Mon, 14 May 2018 15:45:05 文件:/Users/yyinc/Documents/guirong/RecordTool_v1.2/data/videos/246/opr11like_android_import_03.mp4   上传结果:成功!
Mon, 14 May 2018 15:45:48 文件:/Users/yyinc/Documents/guirong/RecordTool_v1.2/data/videos/246/opr11like_android_upload1_03.mp4   上传结果:成功!
Mon, 14 May 2018 15:46:10 文件:/Users/yyinc/Documents/guirong/RecordTool_v1.2/data/videos/246/temp   上传结果:失败!   原因:[Errno 21] Is a directory: '/Users/yyinc/Documents/guirong/RecordTool_v1.2/data/videos/246/temp'
Mon, 14 May 2018 15:46:20 文件:/Users/yyinc/Documents/guirong/RecordTool_v1.2/data/videos/246/opr11like_android_videoload_01.mp4   上传结果:成功!
Mon, 14 May 2018 15:46:25 文件:/Users/yyinc/Documents/guirong/RecordTool_v1.2/data/videos/246/opr11like_android_videoload_02.mp4   上传结果:成功!
Mon, 14 May 2018 15:46:37 文件:/Users/yyinc/Documents/guirong/RecordTool_v1.2/data/videos/246/opr11like_android_videoload_03.mp4   上传结果:成功!
Tue, 15 May 2018 10:23:02 文件:/Users/yyinc/Documents/guirong/RecordTool_v1.2/data/videos/246/sms8soda_android_pic_01.mp4   上传结果:成功!
Tue, 15 May 2018 10:23:39 文件:/Users/yyinc/Documents/guirong/RecordTool_v1.2/data/videos/246/temp   上传结果:失败!   原因:[Errno 21] Is a directory: '/Users/yyinc/Documents/guirong/RecordTool_v1.2/data/videos/246/temp'
Tue, 15 May 2018 10:23:49 文件:/Users/yyinc/Documents/guirong/RecordTool_v1.2/data/videos/246/sms8soda_android_pic_02.mp4   上传结果:成功!
Tue, 15 May 2018 10:23:56 文件:/Users/yyinc/Documents/guirong/RecordTool_v1.2/data/videos/246/sms8soda_android_pic_03.mp4   上传结果:成功!
Tue, 15 May 2018 10:24:25 文件:/Users/yyinc/Documents/guirong/RecordTool_v1.2/data/videos/246/sms8soda_android_start_01.mp4   上传结果:成功!
Tue, 15 May 2018 10:25:02 文件:/Users/yyinc/Documents/guirong/RecordTool_v1.2/data/videos/246/temp   上传结果:失败!   原因:[Errno 21] Is a directory: '/Users/yyinc/Documents/guirong/RecordTool_v1.2/data/videos/246/temp'
Tue, 15 May 2018 10:25:06 文件:/Users/yyinc/Documents/guirong/RecordTool_v1.2/data/videos/246/sms8soda_android_start_01.mp4   上传结果:成功!
Tue, 15 May 2018 10:25:20 文件:/Users/yyinc/Documents/guirong/RecordTool_v1.2/data/videos/246/sms8soda_android_start_02.mp4   上传结果:成功!
Tue, 15 May 2018 10:25:33 文件:/Users/yyinc/Documents/guirong/RecordTool_v1.2/data/videos/246/sms8soda_android_start_03.mp4   上传结果:成功!
Tue, 15 May 2018 10:27:01 文件:/Users/yyinc/Documents/guirong/RecordTool_v1.2/data/videos/246/temp   上传结果:失败!   原因:[Errno 21] Is a directory: '/Users/yyinc/Documents/guirong/RecordTool_v1.2/data/videos/246/temp'
Tue, 15 May 2018 10:27:06 文件:/Users/yyinc/Documents/guirong/RecordTool_v1.2/data/videos/246/sms8soda_android_preproc_01.mp4   上传结果:成功!
Tue, 15 May 2018 10:27:47 文件:/Users/yyinc/Documents/guirong/RecordTool_v1.2/data/videos/246/sms8soda_android_preproc_02.mp4   上传结果:成功!
Tue, 15 May 2018 10:28:22 文件:/Users/yyinc/Documents/guirong/RecordTool_v1.2/data/videos/246/sms8soda_android_preproc_03.mp4   上传结果:成功!
Tue, 15 May 2018 10:29:24 文件:/Users/yyinc/Documents/guirong/RecordTool_v1.2/data/videos/246/sms8soda_android_music_01.mp4   上传结果:成功!
Tue, 15 May 2018 10:29:55 文件:/Users/yyinc/Documents/guirong/RecordTool_v1.2/data/videos/246/sms8soda_android_music_02.mp4   上传结果:成功!
Tue, 15 May 2018 10:30:27 文件:/Users/yyinc/Documents/guirong/RecordTool_v1.2/data/videos/246/sms8soda_android_music_03.mp4   上传结果:成功!
Tue, 15 May 2018 10:32:17 文件:/Users/yyinc/Documents/guirong/RecordTool_v1.2/data/videos/246/sms8soda_android_import_01.mp4   上传结果:成功!
Tue, 15 May 2018 10:32:45 文件:/Users/yyinc/Documents/guirong/RecordTool_v1.2/data/videos/246/temp   上传结果:失败!   原因:[Errno 21] Is a directory: '/Users/yyinc/Documents/guirong/RecordTool_v1.2/data/videos/246/temp'
Tue, 15 May 2018 10:32:52 文件:/Users/yyinc/Documents/guirong/RecordTool_v1.2/data/videos/246/sms8soda_android_upload1_01.mp4   上传结果:成功!
Tue, 15 May 2018 10:33:18 文件:/Users/yyinc/Documents/guirong/RecordTool_v1.2/data/videos/246/sms8soda_android_import_02.mp4   上传结果:成功!
Tue, 15 May 2018 10:33:46 文件:/Users/yyinc/Documents/guirong/RecordTool_v1.2/data/videos/246/temp   上传结果:失败!   原因:[Errno 21] Is a directory: '/Users/yyinc/Documents/guirong/RecordTool_v1.2/data/videos/246/temp'
Tue, 15 May 2018 10:33:52 文件:/Users/yyinc/Documents/guirong/RecordTool_v1.2/data/videos/246/sms8soda_android_upload1_02.mp4   上传结果:成功!
Tue, 15 May 2018 10:34:18 文件:/Users/yyinc/Documents/guirong/RecordTool_v1.2/data/videos/246/sms8soda_android_import_03.mp4   上传结果:成功!
Tue, 15 May 2018 10:34:45 文件:/Users/yyinc/Documents/guirong/RecordTool_v1.2/data/videos/246/sms8soda_android_upload1_03.mp4   上传结果:成功!
Tue, 15 May 2018 10:35:19 文件:/Users/yyinc/Documents/guirong/RecordTool_v1.2/data/videos/246/sms8soda_android_videoload_01.mp4   上传结果:成功!
Tue, 15 May 2018 10:35:54 文件:/Users/yyinc/Documents/guirong/RecordTool_v1.2/data/videos/246/sms8soda_android_videoload_02.mp4   上传结果:成功!
Tue, 15 May 2018 10:36:05 文件:/Users/yyinc/Documents/guirong/RecordTool_v1.2/data/videos/246/sms8soda_android_videoload_03.mp4   上传结果:成功!
Tue, 15 May 2018 10:37:19 文件:/Users/yyinc/Documents/guirong/RecordTool_v1.2/data/videos/246/sms8like_android_pic_01.mp4   上传结果:成功!
Tue, 15 May 2018 10:37:35 文件:/Users/yyinc/Documents/guirong/RecordTool_v1.2/data/videos/246/temp   上传结果:失败!   原因:[Errno 21] Is a directory: '/Users/yyinc/Documents/guirong/RecordTool_v1.2/data/videos/246/temp'
Tue, 15 May 2018 10:37:40 文件:/Users/yyinc/Documents/guirong/RecordTool_v1.2/data/videos/246/sms8like_android_pic_02.mp4   上传结果:成功!
Tue, 15 May 2018 10:37:57 文件:/Users/yyinc/Documents/guirong/RecordTool_v1.2/data/videos/246/sms8like_android_pic_03.mp4   上传结果:成功!
Tue, 15 May 2018 10:38:34 文件:/Users/yyinc/Documents/guirong/RecordTool_v1.2/data/videos/246/temp   上传结果:失败!   原因:[Errno 21] Is a directory: '/Users/yyinc/Documents/guirong/RecordTool_v1.2/data/videos/246/temp'
Tue, 15 May 2018 10:38:39 文件:/Users/yyinc/Documents/guirong/RecordTool_v1.2/data/videos/246/sms8like_android_start_01.mp4   上传结果:成功!
Tue, 15 May 2018 10:38:59 文件:/Users/yyinc/Documents/guirong/RecordTool_v1.2/data/videos/246/sms8like_android_start_02.mp4   上传结果:成功!
Tue, 15 May 2018 10:39:15 文件:/Users/yyinc/Documents/guirong/RecordTool_v1.2/data/videos/246/temp   上传结果:失败!   原因:[Errno 21] Is a directory: '/Users/yyinc/Documents/guirong/RecordTool_v1.2/data/videos/246/temp'
Tue, 15 May 2018 10:39:19 文件:/Users/yyinc/Documents/guirong/RecordTool_v1.2/data/videos/246/sms8like_android_start_03.mp4   上传结果:成功!
Tue, 15 May 2018 10:40:14 文件:/Users/yyinc/Documents/guirong/RecordTool_v1.2/data/videos/246/temp   上传结果:失败!   原因:[Errno 21] Is a directory: '/Users/yyinc/Documents/guirong/RecordTool_v1.2/data/videos/246/temp'
Tue, 15 May 2018 10:40:19 文件:/Users/yyinc/Documents/guirong/RecordTool_v1.2/data/videos/246/sms8like_android_preproc_01.mp4   上传结果:成功!
Tue, 15 May 2018 10:40:51 文件:/Users/yyinc/Documents/guirong/RecordTool_v1.2/data/videos/246/sms8like_android_preproc_02.mp4   上传结果:成功!
Tue, 15 May 2018 10:41:25 文件:/Users/yyinc/Documents/guirong/RecordTool_v1.2/data/videos/246/sms8like_android_preproc_03.mp4   上传结果:成功!
Tue, 15 May 2018 10:42:15 文件:/Users/yyinc/Documents/guirong/RecordTool_v1.2/data/videos/246/sms8like_android_music_01.mp4   上传结果:成功!
Tue, 15 May 2018 10:42:49 文件:/Users/yyinc/Documents/guirong/RecordTool_v1.2/data/videos/246/temp   上传结果:失败!   原因:[Errno 21] Is a directory: '/Users/yyinc/Documents/guirong/RecordTool_v1.2/data/videos/246/temp'
Tue, 15 May 2018 10:42:54 文件:/Users/yyinc/Documents/guirong/RecordTool_v1.2/data/videos/246/sms8like_android_music_02.mp4   上传结果:成功!
Tue, 15 May 2018 10:43:28 文件:/Users/yyinc/Documents/guirong/RecordTool_v1.2/data/videos/246/sms8like_android_music_03.mp4   上传结果:成功!
Tue, 15 May 2018 10:44:22 文件:/Users/yyinc/Documents/guirong/RecordTool_v1.2/data/videos/246/sms8like_android_import_01.mp4   上传结果:成功!
Tue, 15 May 2018 10:44:56 文件:/Users/yyinc/Documents/guirong/RecordTool_v1.2/data/videos/246/temp   上传结果:失败!   原因:[Errno 21] Is a directory: '/Users/yyinc/Documents/guirong/RecordTool_v1.2/data/videos/246/temp'
Tue, 15 May 2018 10:45:02 文件:/Users/yyinc/Documents/guirong/RecordTool_v1.2/data/videos/246/sms8like_android_upload1_01.mp4   上传结果:成功!
Tue, 15 May 2018 10:45:45 文件:/Users/yyinc/Documents/guirong/RecordTool_v1.2/data/videos/246/temp   上传结果:失败!   原因:[Errno 21] Is a directory: '/Users/yyinc/Documents/guirong/RecordTool_v1.2/data/videos/246/temp'
Tue, 15 May 2018 10:45:50 文件:/Users/yyinc/Documents/guirong/RecordTool_v1.2/data/videos/246/sms8like_android_import_02.mp4   上传结果:成功!
Tue, 15 May 2018 10:46:24 文件:/Users/yyinc/Documents/guirong/RecordTool_v1.2/data/videos/246/temp   上传结果:失败!   原因:[Errno 21] Is a directory: '/Users/yyinc/Documents/guirong/RecordTool_v1.2/data/videos/246/temp'
Tue, 15 May 2018 10:46:30 文件:/Users/yyinc/Documents/guirong/RecordTool_v1.2/data/videos/246/sms8like_android_upload1_02.mp4   上传结果:成功!
Tue, 15 May 2018 10:47:13 文件:/Users/yyinc/Documents/guirong/RecordTool_v1.2/data/videos/246/temp   上传结果:失败!   原因:[Errno 21] Is a directory: '/Users/yyinc/Documents/guirong/RecordTool_v1.2/data/videos/246/temp'
Tue, 15 May 2018 10:47:18 文件:/Users/yyinc/Documents/guirong/RecordTool_v1.2/data/videos/246/sms8like_android_import_03.mp4   上传结果:成功!
Tue, 15 May 2018 10:47:59 文件:/Users/yyinc/Documents/guirong/RecordTool_v1.2/data/videos/246/temp   上传结果:失败!   原因:[Errno 21] Is a directory: '/Users/yyinc/Documents/guirong/RecordTool_v1.2/data/videos/246/temp'
Tue, 15 May 2018 10:48:05 文件:/Users/yyinc/Documents/guirong/RecordTool_v1.2/data/videos/246/sms8like_android_upload1_03.mp4   上传结果:成功!
Tue, 15 May 2018 10:48:45 文件:/Users/yyinc/Documents/guirong/RecordTool_v1.2/data/videos/246/sms8like_android_videoload_01.mp4   上传结果:成功!
Tue, 15 May 2018 10:48:55 文件:/Users/yyinc/Documents/guirong/RecordTool_v1.2/data/videos/246/temp   上传结果:失败!   原因:[Errno 21] Is a directory: '/Users/yyinc/Documents/guirong/RecordTool_v1.2/data/videos/246/temp'
Tue, 15 May 2018 10:49:00 文件:/Users/yyinc/Documents/guirong/RecordTool_v1.2/data/videos/246/sms8like_android_videoload_02.mp4   上传结果:成功!
Tue, 15 May 2018 10:49:13 文件:/Users/yyinc/Documents/guirong/RecordTool_v1.2/data/videos/246/sms8like_android_videoload_03.mp4   上传结果:成功!
Tue, 15 May 2018 16:18:48 文件:/Users/yyinc/Documents/guirong/RecordTool_v1.2/data/videos/246/temp   上传结果:失败!   原因:[Errno 2] No such file or directory: '/Users/yyinc/Documents/guirong/RecordTool_v1.2/data/videos/246/temp'
Tue, 15 May 2018 16:18:50 文件:/Users/yyinc/Documents/guirong/RecordTool_v1.2/data/videos/246/xmnote3soda_android_pic_01.mp4   上传结果:成功!
Tue, 15 May 2018 16:19:04 文件:/Users/yyinc/Documents/guirong/RecordTool_v1.2/data/videos/246/xmnote3soda_android_pic_02.mp4   上传结果:成功!
Tue, 15 May 2018 16:19:33 文件:/Users/yyinc/Documents/guirong/RecordTool_v1.2/data/videos/246/xmnote3soda_android_pic_01.mp4   上传结果:成功!
Tue, 15 May 2018 16:19:57 文件:/Users/yyinc/Documents/guirong/RecordTool_v1.2/data/videos/246/xmnote3soda_android_pic_02.mp4   上传结果:成功!
Tue, 15 May 2018 16:20:10 文件:/Users/yyinc/Documents/guirong/RecordTool_v1.2/data/videos/246/xmnote3soda_android_pic_03.mp4   上传结果:成功!
Tue, 15 May 2018 16:20:39 文件:/Users/yyinc/Documents/guirong/RecordTool_v1.2/data/videos/246/xmnote3soda_android_start_01.mp4   上传结果:成功!
Tue, 15 May 2018 16:20:49 文件:/Users/yyinc/Documents/guirong/RecordTool_v1.2/data/videos/246/temp   上传结果:失败!   原因:[Errno 21] Is a directory: '/Users/yyinc/Documents/guirong/RecordTool_v1.2/data/videos/246/temp'
Tue, 15 May 2018 16:20:53 文件:/Users/yyinc/Documents/guirong/RecordTool_v1.2/data/videos/246/xmnote3soda_android_start_02.mp4   上传结果:成功!
Tue, 15 May 2018 16:21:04 文件:/Users/yyinc/Documents/guirong/RecordTool_v1.2/data/videos/246/xmnote3soda_android_start_03.mp4   上传结果:成功!
Tue, 15 May 2018 16:22:17 文件:/Users/yyinc/Documents/guirong/RecordTool_v1.2/data/videos/246/temp   上传结果:失败!   原因:[Errno 21] Is a directory: '/Users/yyinc/Documents/guirong/RecordTool_v1.2/data/videos/246/temp'
Tue, 15 May 2018 16:22:22 文件:/Users/yyinc/Documents/guirong/RecordTool_v1.2/data/videos/246/xmnote3soda_android_preproc_01.mp4   上传结果:成功!
Tue, 15 May 2018 16:22:47 文件:/Users/yyinc/Documents/guirong/RecordTool_v1.2/data/videos/246/xmnote3soda_android_preproc_02.mp4   上传结果:成功!
Tue, 15 May 2018 16:23:19 文件:/Users/yyinc/Documents/guirong/RecordTool_v1.2/data/videos/246/xmnote3soda_android_preproc_03.mp4   上传结果:成功!
Tue, 15 May 2018 16:24:06 文件:/Users/yyinc/Documents/guirong/RecordTool_v1.2/data/videos/246/xmnote3soda_android_music_01.mp4   上传结果:成功!
Tue, 15 May 2018 16:24:41 文件:/Users/yyinc/Documents/guirong/RecordTool_v1.2/data/videos/246/xmnote3soda_android_music_02.mp4   上传结果:成功!
Tue, 15 May 2018 16:25:10 文件:/Users/yyinc/Documents/guirong/RecordTool_v1.2/data/videos/246/xmnote3soda_android_music_03.mp4   上传结果:成功!
Tue, 15 May 2018 16:26:41 文件:/Users/yyinc/Documents/guirong/RecordTool_v1.2/data/videos/246/temp   上传结果:失败!   原因:[Errno 21] Is a directory: '/Users/yyinc/Documents/guirong/RecordTool_v1.2/data/videos/246/temp'
Tue, 15 May 2018 16:26:46 文件:/Users/yyinc/Documents/guirong/RecordTool_v1.2/data/videos/246/xmnote3soda_android_import_01.mp4   上传结果:成功!
Tue, 15 May 2018 16:27:09 文件:/Users/yyinc/Documents/guirong/RecordTool_v1.2/data/videos/246/temp   上传结果:失败!   原因:[Errno 21] Is a directory: '/Users/yyinc/Documents/guirong/RecordTool_v1.2/data/videos/246/temp'
Tue, 15 May 2018 16:27:14 文件:/Users/yyinc/Documents/guirong/RecordTool_v1.2/data/videos/246/xmnote3soda_android_upload1_01.mp4   上传结果:成功!
Tue, 15 May 2018 16:27:42 文件:/Users/yyinc/Documents/guirong/RecordTool_v1.2/data/videos/246/temp   上传结果:失败!   原因:[Errno 21] Is a directory: '/Users/yyinc/Documents/guirong/RecordTool_v1.2/data/videos/246/temp'
Tue, 15 May 2018 16:27:47 文件:/Users/yyinc/Documents/guirong/RecordTool_v1.2/data/videos/246/xmnote3soda_android_import_02.mp4   上传结果:成功!
Tue, 15 May 2018 16:28:15 文件:/Users/yyinc/Documents/guirong/RecordTool_v1.2/data/videos/246/temp   上传结果:失败!   原因:[Errno 21] Is a directory: '/Users/yyinc/Documents/guirong/RecordTool_v1.2/data/videos/246/temp'
Tue, 15 May 2018 16:28:22 文件:/Users/yyinc/Documents/guirong/RecordTool_v1.2/data/videos/246/xmnote3soda_android_upload1_02.mp4   上传结果:成功!
Tue, 15 May 2018 16:29:39 文件:/Users/yyinc/Documents/guirong/RecordTool_v1.2/data/videos/246/xmnote3soda_android_import_03.mp4   上传结果:成功!
Tue, 15 May 2018 16:30:21 文件:/Users/yyinc/Documents/guirong/RecordTool_v1.2/data/videos/246/xmnote3soda_android_upload1_03.mp4   上传结果:成功!
Tue, 15 May 2018 16:30:47 文件:/Users/yyinc/Documents/guirong/RecordTool_v1.2/data/videos/246/xmnote3soda_android_videoload_01.mp4   上传结果:成功!
Tue, 15 May 2018 16:30:54 文件:/Users/yyinc/Documents/guirong/RecordTool_v1.2/data/videos/246/xmnote3soda_android_videoload_02.mp4   上传结果:成功!
Tue, 15 May 2018 16:31:05 文件:/Users/yyinc/Documents/guirong/RecordTool_v1.2/data/videos/246/xmnote3soda_android_videoload_03.mp4   上传结果:成功!
Tue, 15 May 2018 16:32:04 文件:/Users/yyinc/Documents/guirong/RecordTool_v1.2/data/videos/246/xmnote3like_android_pic_01.mp4   上传结果:成功!
Tue, 15 May 2018 16:32:17 文件:/Users/yyinc/Documents/guirong/RecordTool_v1.2/data/videos/246/temp   上传结果:失败!   原因:[Errno 21] Is a directory: '/Users/yyinc/Documents/guirong/RecordTool_v1.2/data/videos/246/temp'
Tue, 15 May 2018 16:32:22 文件:/Users/yyinc/Documents/guirong/RecordTool_v1.2/data/videos/246/xmnote3like_android_pic_02.mp4   上传结果:成功!
Tue, 15 May 2018 16:32:40 文件:/Users/yyinc/Documents/guirong/RecordTool_v1.2/data/videos/246/xmnote3like_android_pic_03.mp4   上传结果:成功!
Tue, 15 May 2018 16:33:02 文件:/Users/yyinc/Documents/guirong/RecordTool_v1.2/data/videos/246/temp   上传结果:失败!   原因:[Errno 21] Is a directory: '/Users/yyinc/Documents/guirong/RecordTool_v1.2/data/videos/246/temp'
Tue, 15 May 2018 16:33:07 文件:/Users/yyinc/Documents/guirong/RecordTool_v1.2/data/videos/246/xmnote3like_android_start_01.mp4   上传结果:成功!
Tue, 15 May 2018 16:33:20 文件:/Users/yyinc/Documents/guirong/RecordTool_v1.2/data/videos/246/xmnote3like_android_start_02.mp4   上传结果:成功!
Tue, 15 May 2018 16:33:37 文件:/Users/yyinc/Documents/guirong/RecordTool_v1.2/data/videos/246/xmnote3like_android_start_03.mp4   上传结果:成功!
Tue, 15 May 2018 16:34:32 文件:/Users/yyinc/Documents/guirong/RecordTool_v1.2/data/videos/246/temp   上传结果:失败!   原因:[Errno 21] Is a directory: '/Users/yyinc/Documents/guirong/RecordTool_v1.2/data/videos/246/temp'
Tue, 15 May 2018 16:34:37 文件:/Users/yyinc/Documents/guirong/RecordTool_v1.2/data/videos/246/xmnote3like_android_preproc_01.mp4   上传结果:成功!
Tue, 15 May 2018 16:35:09 文件:/Users/yyinc/Documents/guirong/RecordTool_v1.2/data/videos/246/xmnote3like_android_preproc_02.mp4   上传结果:成功!
Tue, 15 May 2018 16:35:43 文件:/Users/yyinc/Documents/guirong/RecordTool_v1.2/data/videos/246/xmnote3like_android_preproc_03.mp4   上传结果:成功!
Tue, 15 May 2018 16:36:48 文件:/Users/yyinc/Documents/guirong/RecordTool_v1.2/data/videos/246/xmnote3like_android_music_01.mp4   上传结果:成功!
Tue, 15 May 2018 16:37:22 文件:/Users/yyinc/Documents/guirong/RecordTool_v1.2/data/videos/246/xmnote3like_android_music_02.mp4   上传结果:成功!
Tue, 15 May 2018 16:37:54 文件:/Users/yyinc/Documents/guirong/RecordTool_v1.2/data/videos/246/xmnote3like_android_music_03.mp4   上传结果:成功!
Tue, 15 May 2018 16:38:47 文件:/Users/yyinc/Documents/guirong/RecordTool_v1.2/data/videos/246/xmnote3like_android_import_01.mp4   上传结果:成功!
Tue, 15 May 2018 16:39:33 文件:/Users/yyinc/Documents/guirong/RecordTool_v1.2/data/videos/246/temp   上传结果:失败!   原因:[Errno 21] Is a directory: '/Users/yyinc/Documents/guirong/RecordTool_v1.2/data/videos/246/temp'
Tue, 15 May 2018 16:39:38 文件:/Users/yyinc/Documents/guirong/RecordTool_v1.2/data/videos/246/xmnote3like_android_upload1_01.mp4   上传结果:成功!
Tue, 15 May 2018 16:40:57 文件:/Users/yyinc/Documents/guirong/RecordTool_v1.2/data/videos/246/temp   上传结果:失败!   原因:[Errno 21] Is a directory: '/Users/yyinc/Documents/guirong/RecordTool_v1.2/data/videos/246/temp'
Tue, 15 May 2018 16:41:02 文件:/Users/yyinc/Documents/guirong/RecordTool_v1.2/data/videos/246/xmnote3like_android_import_02.mp4   上传结果:成功!
Tue, 15 May 2018 16:41:38 文件:/Users/yyinc/Documents/guirong/RecordTool_v1.2/data/videos/246/xmnote3like_android_upload1_02.mp4   上传结果:成功!
Tue, 15 May 2018 16:42:18 文件:/Users/yyinc/Documents/guirong/RecordTool_v1.2/data/videos/246/xmnote3like_android_import_03.mp4   上传结果:成功!
Tue, 15 May 2018 16:42:52 文件:/Users/yyinc/Documents/guirong/RecordTool_v1.2/data/videos/246/temp   上传结果:失败!   原因:[Errno 21] Is a directory: '/Users/yyinc/Documents/guirong/RecordTool_v1.2/data/videos/246/temp'
Tue, 15 May 2018 16:42:57 文件:/Users/yyinc/Documents/guirong/RecordTool_v1.2/data/videos/246/xmnote3like_android_upload1_03.mp4   上传结果:成功!
Tue, 15 May 2018 16:43:20 文件:/Users/yyinc/Documents/guirong/RecordTool_v1.2/data/videos/246/xmnote3like_android_videoload_04.mp4   上传结果:成功!
Tue, 15 May 2018 16:43:33 文件:/Users/yyinc/Documents/guirong/RecordTool_v1.2/data/videos/246/xmnote3like_android_videoload_01.mp4   上传结果:成功!
Tue, 15 May 2018 16:43:52 文件:/Users/yyinc/Documents/guirong/RecordTool_v1.2/data/videos/246/temp   上传结果:失败!   原因:[Errno 21] Is a directory: '/Users/yyinc/Documents/guirong/RecordTool_v1.2/data/videos/246/temp'
Tue, 15 May 2018 16:43:57 文件:/Users/yyinc/Documents/guirong/RecordTool_v1.2/data/videos/246/xmnote3like_android_videoload_02.mp4   上传结果:成功!
Tue, 15 May 2018 16:44:07 文件:/Users/yyinc/Documents/guirong/RecordTool_v1.2/data/videos/246/xmnote3like_android_videoload_03.mp4   上传结果:成功!
Thu, 17 May 2018 16:14:16 文件:/Users/yyinc/Documents/guirong/RecordTool_v1.2/data/videos/246/opr11soda_android_preproc_04.mp4   上传结果:成功!
Thu, 17 May 2018 16:14:45 文件:/Users/yyinc/Documents/guirong/RecordTool_v1.2/data/videos/246/opr11soda_android_preproc_05.mp4   上传结果:成功!
Thu, 17 May 2018 16:15:32 文件:/Users/yyinc/Documents/guirong/RecordTool_v1.2/data/videos/246/opr11soda_android_music_04.mp4   上传结果:成功!
Thu, 17 May 2018 16:16:07 文件:/Users/yyinc/Documents/guirong/RecordTool_v1.2/data/videos/246/opr11soda_android_music_05.mp4   上传结果:成功!
Thu, 17 May 2018 16:16:54 文件:/Users/yyinc/Documents/guirong/RecordTool_v1.2/data/videos/246/opr11soda_android_pic_04.mp4   上传结果:成功!
Thu, 17 May 2018 16:17:17 文件:/Users/yyinc/Documents/guirong/RecordTool_v1.2/data/videos/246/opr11soda_android_pic_05.mp4   上传结果:成功!
Thu, 17 May 2018 16:18:34 文件:/Users/yyinc/Documents/guirong/RecordTool_v1.2/data/videos/246/opr11like_android_preproc_04.mp4   上传结果:成功!
Thu, 17 May 2018 16:19:03 文件:/Users/yyinc/Documents/guirong/RecordTool_v1.2/data/videos/246/opr11like_android_preproc_05.mp4   上传结果:成功!
Thu, 17 May 2018 16:19:37 文件:/Users/yyinc/Documents/guirong/RecordTool_v1.2/data/videos/246/temp   上传结果:失败!   原因:[Errno 21] Is a directory: '/Users/yyinc/Documents/guirong/RecordTool_v1.2/data/videos/246/temp'
Thu, 17 May 2018 16:19:41 文件:/Users/yyinc/Documents/guirong/RecordTool_v1.2/data/videos/246/opr11like_android_pic_04.mp4   上传结果:成功!
Thu, 17 May 2018 16:19:57 文件:/Users/yyinc/Documents/guirong/RecordTool_v1.2/data/videos/246/temp   上传结果:失败!   原因:[Errno 21] Is a directory: '/Users/yyinc/Documents/guirong/RecordTool_v1.2/data/videos/246/temp'
Thu, 17 May 2018 16:20:02 文件:/Users/yyinc/Documents/guirong/RecordTool_v1.2/data/videos/246/opr11like_android_pic_05.mp4   上传结果:成功!
Thu, 17 May 2018 18:14:38 文件:/Users/yyinc/Documents/guirong/RecordTool_v1.2/data/videos/246/sms8soda_android_preproc_04.mp4   上传结果:成功!
Thu, 17 May 2018 18:15:13 文件:/Users/yyinc/Documents/guirong/RecordTool_v1.2/data/videos/246/sms8soda_android_preproc_05.mp4   上传结果:成功!
Thu, 17 May 2018 18:16:29 文件:/Users/yyinc/Documents/guirong/RecordTool_v1.2/data/videos/246/temp   上传结果:失败!   原因:[Errno 21] Is a directory: '/Users/yyinc/Documents/guirong/RecordTool_v1.2/data/videos/246/temp'
Thu, 17 May 2018 18:16:36 文件:/Users/yyinc/Documents/guirong/RecordTool_v1.2/data/videos/246/sms8soda_android_upload1_04.mp4   上传结果:成功!
Thu, 17 May 2018 18:17:35 文件:/Users/yyinc/Documents/guirong/RecordTool_v1.2/data/videos/246/sms8soda_android_upload1_05.mp4   上传结果:成功!
Thu, 17 May 2018 18:18:33 文件:/Users/yyinc/Documents/guirong/RecordTool_v1.2/data/videos/246/temp   上传结果:失败!   原因:[Errno 21] Is a directory: '/Users/yyinc/Documents/guirong/RecordTool_v1.2/data/videos/246/temp'
Thu, 17 May 2018 18:18:40 文件:/Users/yyinc/Documents/guirong/RecordTool_v1.2/data/videos/246/sms8soda_android_import_04.mp4   上传结果:成功!
Thu, 17 May 2018 18:19:09 文件:/Users/yyinc/Documents/guirong/RecordTool_v1.2/data/videos/246/sms8soda_android_import_05.mp4   上传结果:成功!
Thu, 17 May 2018 19:09:29 文件:/Users/yyinc/Documents/guirong/RecordTool_v1.2/data/videos/246/xmnote3soda_android_preproc_04.mp4   上传结果:成功!
Thu, 17 May 2018 19:10:01 文件:/Users/yyinc/Documents/guirong/RecordTool_v1.2/data/videos/246/xmnote3soda_android_preproc_05.mp4   上传结果:成功!
Thu, 17 May 2018 19:10:44 文件:/Users/yyinc/Documents/guirong/RecordTool_v1.2/data/videos/246/xmnote3soda_android_music_04.mp4   上传结果:成功!
Thu, 17 May 2018 19:11:12 文件:/Users/yyinc/Documents/guirong/RecordTool_v1.2/data/videos/246/temp   上传结果:失败!   原因:[Errno 21] Is a directory: '/Users/yyinc/Documents/guirong/RecordTool_v1.2/data/videos/246/temp'
Thu, 17 May 2018 19:11:17 文件:/Users/yyinc/Documents/guirong/RecordTool_v1.2/data/videos/246/xmnote3soda_android_music_05.mp4   上传结果:成功!
Thu, 17 May 2018 19:14:06 文件:/Users/yyinc/Documents/guirong/RecordTool_v1.2/data/videos/246/temp   上传结果:失败!   原因:[Errno 21] Is a directory: '/Users/yyinc/Documents/guirong/RecordTool_v1.2/data/videos/246/temp'
Thu, 17 May 2018 19:14:13 文件:/Users/yyinc/Documents/guirong/RecordTool_v1.2/data/videos/246/xmnote3soda_android_upload1_04.mp4   上传结果:成功!
Thu, 17 May 2018 19:14:41 文件:/Users/yyinc/Documents/guirong/RecordTool_v1.2/data/videos/246/temp   上传结果:失败!   原因:[Errno 21] Is a directory: '/Users/yyinc/Documents/guirong/RecordTool_v1.2/data/videos/246/temp'
Thu, 17 May 2018 19:14:47 文件:/Users/yyinc/Documents/guirong/RecordTool_v1.2/data/videos/246/xmnote3soda_android_upload1_05.mp4   上传结果:成功!
Thu, 17 May 2018 19:15:57 文件:/Users/yyinc/Documents/guirong/RecordTool_v1.2/data/videos/246/xmnote3like_android_music_04.mp4   上传结果:成功!
Thu, 17 May 2018 19:16:32 文件:/Users/yyinc/Documents/guirong/RecordTool_v1.2/data/videos/246/xmnote3like_android_music_05.mp4   上传结果:成功!
Thu, 17 May 2018 19:46:42 文件:/Users/yyinc/Documents/guirong/RecordTool_v1.2/data/videos/246/sms8like_android_import_04.mp4   上传结果:成功!
Thu, 17 May 2018 19:47:19 文件:/Users/yyinc/Documents/guirong/RecordTool_v1.2/data/videos/246/temp   上传结果:失败!   原因:[Errno 21] Is a directory: '/Users/yyinc/Documents/guirong/RecordTool_v1.2/data/videos/246/temp'
Thu, 17 May 2018 19:47:24 文件:/Users/yyinc/Documents/guirong/RecordTool_v1.2/data/videos/246/sms8like_android_import_05.mp4   上传结果:成功!
Wed, 23 May 2018 21:48:57 文件:/Users/yyinc/Documents/guirong/RecordTool_v1.2/data/videos/246/opr11dyin_android_import_04.mp4   上传结果:成功!
Wed, 23 May 2018 21:49:31 文件:/Users/yyinc/Documents/guirong/RecordTool_v1.2/data/videos/246/temp   上传结果:失败!   原因:[Errno 21] Is a directory: '/Users/yyinc/Documents/guirong/RecordTool_v1.2/data/videos/246/temp'
Wed, 23 May 2018 21:49:37 文件:/Users/yyinc/Documents/guirong/RecordTool_v1.2/data/videos/246/opr11dyin_android_import_05.mp4   上传结果:成功!
Wed, 23 May 2018 21:49:59 文件:/Users/yyinc/Documents/guirong/RecordTool_v1.2/data/videos/246/temp   上传结果:失败!   原因:[Errno 21] Is a directory: '/Users/yyinc/Documents/guirong/RecordTool_v1.2/data/videos/246/temp'
Wed, 23 May 2018 21:50:04 文件:/Users/yyinc/Documents/guirong/RecordTool_v1.2/data/videos/246/opr11dyin_android_import_06.mp4   上传结果:成功!
Wed, 23 May 2018 21:51:42 文件:/Users/yyinc/Documents/guirong/RecordTool_v1.2/data/videos/246/temp   上传结果:失败!   原因:[Errno 21] Is a directory: '/Users/yyinc/Documents/guirong/RecordTool_v1.2/data/videos/246/temp'
Wed, 23 May 2018 21:52:23 文件:/Users/yyinc/Documents/guirong/RecordTool_v1.2/data/videos/246/opr11ks_android_import_04.mp4   上传结果:成功!
Wed, 23 May 2018 21:52:27 文件:/Users/yyinc/Documents/guirong/RecordTool_v1.2/data/videos/246/temp   上传结果:失败!   原因:[Errno 21] Is a directory: '/Users/yyinc/Documents/guirong/RecordTool_v1.2/data/videos/246/temp'
Wed, 23 May 2018 21:52:30 文件:/Users/yyinc/Documents/guirong/RecordTool_v1.2/data/videos/246/opr11ks_android_import_05.mp4   上传结果:成功!
Wed, 23 May 2018 21:53:16 文件:/Users/yyinc/Documents/guirong/RecordTool_v1.2/data/videos/246/temp   上传结果:失败!   原因:[Errno 21] Is a directory: '/Users/yyinc/Documents/guirong/RecordTool_v1.2/data/videos/246/temp'
Wed, 23 May 2018 21:53:23 文件:/Users/yyinc/Documents/guirong/RecordTool_v1.2/data/videos/246/opr11ks_android_import_06.mp4   上传结果:成功!
Wed, 23 May 2018 21:57:50 文件:/Users/yyinc/Documents/guirong/RecordTool_v1.2/data/videos/246/temp   上传结果:失败!   原因:[Errno 21] Is a directory: '/Users/yyinc/Documents/guirong/RecordTool_v1.2/data/videos/246/temp'
Wed, 23 May 2018 21:58:20 文件:/Users/yyinc/Documents/guirong/RecordTool_v1.2/data/videos/246/sms8ks_android_import_06.mp4   上传结果:成功!
Wed, 23 May 2018 21:58:26 文件:/Users/yyinc/Documents/guirong/RecordTool_v1.2/data/videos/246/sms8ks_android_import_07.mp4   上传结果:成功!
Wed, 23 May 2018 21:58:57 文件:/Users/yyinc/Documents/guirong/RecordTool_v1.2/data/videos/246/temp   上传结果:失败!   原因:[Errno 21] Is a directory: '/Users/yyinc/Documents/guirong/RecordTool_v1.2/data/videos/246/temp'
Wed, 23 May 2018 21:59:03 文件:/Users/yyinc/Documents/guirong/RecordTool_v1.2/data/videos/246/sms8ks_android_import_08.mp4   上传结果:成功!
